2023-11-09 14:24:46,089 DEBUG    root            Loaded Command Group: ['gcloud', 'components']
2023-11-09 14:24:46,092 DEBUG    root            Loaded Command Group: ['gcloud', 'components', 'update']
2023-11-09 14:24:46,095 DEBUG    root            Running [gcloud.components.update] with arguments: [--quiet: "True", COMPONENT-IDS:8: "['gcloud', 'core', 'bq', 'gsutil', 'compute', 'preview', 'alpha', 'beta']"]
2023-11-09 14:24:46,096 INFO     ___FILE_ONLY___ Beginning update. This process may take several minutes.

2023-11-09 14:24:46,102 DEBUG    urllib3.connectionpool Starting new HTTPS connection (1): dl.google.com:443
2023-11-09 14:24:46,257 DEBUG    urllib3.connectionpool https://dl.google.com:443 "GET /dl/cloudsdk/channels/rapid/components-2.json HTTP/1.1" 200 209938
2023-11-09 14:24:46,280 WARNING  root            Component [preview] no longer exists.
2023-11-09 14:24:46,281 WARNING  root            Component [compute] no longer exists.
2023-11-09 14:24:46,282 INFO     ___FILE_ONLY___ 

2023-11-09 14:24:46,282 INFO     ___FILE_ONLY___ 
Your current Google Cloud CLI version is: 454.0.0

2023-11-09 14:24:46,282 INFO     ___FILE_ONLY___ Installing components from version: 454.0.0

2023-11-09 14:24:46,282 INFO     ___FILE_ONLY___ 

2023-11-09 14:24:46,283 DEBUG    root            Chosen display Format:table[box,title="These components will be removed."](details.display_name:label=Name:align=left,version.version_string:label=Version:align=right,data.size.size(zero="",min=1048576):label=Size:align=right)
2023-11-09 14:24:46,284 DEBUG    root            Chosen display Format:table[box,title="These components will be updated."](details.display_name:label=Name:align=left,version.version_string:label=Version:align=right,data.size.size(zero="",min=1048576):label=Size:align=right)
2023-11-09 14:24:46,284 DEBUG    root            Chosen display Format:table[box,title="These components will be installed."](details.display_name:label=Name:align=left,version.version_string:label=Version:align=right,data.size.size(zero="",min=1048576):label=Size:align=right)
2023-11-09 14:24:46,286 INFO     ___FILE_ONLY___ ┌──────────────────────────────────────────────┐
2023-11-09 14:24:46,286 INFO     ___FILE_ONLY___ 

2023-11-09 14:24:46,286 INFO     ___FILE_ONLY___ │     These components will be installed.      │
2023-11-09 14:24:46,286 INFO     ___FILE_ONLY___ 

2023-11-09 14:24:46,286 INFO     ___FILE_ONLY___ ├───────────────────────┬────────────┬─────────┤
2023-11-09 14:24:46,287 INFO     ___FILE_ONLY___ 

2023-11-09 14:24:46,287 INFO     ___FILE_ONLY___ │          Name         │  Version   │   Size  │
2023-11-09 14:24:46,287 INFO     ___FILE_ONLY___ 

2023-11-09 14:24:46,287 INFO     ___FILE_ONLY___ ├───────────────────────┼────────────┼─────────┤
2023-11-09 14:24:46,287 INFO     ___FILE_ONLY___ 

2023-11-09 14:24:46,287 INFO     ___FILE_ONLY___ │ 
2023-11-09 14:24:46,287 INFO     ___FILE_ONLY___ gcloud Alpha Commands
2023-11-09 14:24:46,287 INFO     ___FILE_ONLY___  
2023-11-09 14:24:46,287 INFO     ___FILE_ONLY___ │ 
2023-11-09 14:24:46,287 INFO     ___FILE_ONLY___ 2023.11.03
2023-11-09 14:24:46,287 INFO     ___FILE_ONLY___  
2023-11-09 14:24:46,287 INFO     ___FILE_ONLY___ │ 
2023-11-09 14:24:46,287 INFO     ___FILE_ONLY___ < 1 MiB
2023-11-09 14:24:46,288 INFO     ___FILE_ONLY___  
2023-11-09 14:24:46,288 INFO     ___FILE_ONLY___ │
2023-11-09 14:24:46,288 INFO     ___FILE_ONLY___ 

2023-11-09 14:24:46,288 INFO     ___FILE_ONLY___ │ 
2023-11-09 14:24:46,288 INFO     ___FILE_ONLY___ gcloud Beta Commands 
2023-11-09 14:24:46,288 INFO     ___FILE_ONLY___  
2023-11-09 14:24:46,288 INFO     ___FILE_ONLY___ │ 
2023-11-09 14:24:46,288 INFO     ___FILE_ONLY___ 2023.11.03
2023-11-09 14:24:46,288 INFO     ___FILE_ONLY___  
2023-11-09 14:24:46,288 INFO     ___FILE_ONLY___ │ 
2023-11-09 14:24:46,288 INFO     ___FILE_ONLY___ < 1 MiB
2023-11-09 14:24:46,288 INFO     ___FILE_ONLY___  
2023-11-09 14:24:46,288 INFO     ___FILE_ONLY___ │
2023-11-09 14:24:46,288 INFO     ___FILE_ONLY___ 

2023-11-09 14:24:46,289 INFO     ___FILE_ONLY___ └───────────────────────┴────────────┴─────────┘
2023-11-09 14:24:46,289 INFO     ___FILE_ONLY___ 

2023-11-09 14:24:46,289 INFO     ___FILE_ONLY___ 

2023-11-09 14:24:46,293 DEBUG    urllib3.connectionpool Starting new HTTPS connection (1): dl.google.com:443
2023-11-09 14:24:46,392 DEBUG    urllib3.connectionpool https://dl.google.com:443 "GET /dl/cloudsdk/channels/rapid/RELEASE_NOTES HTTP/1.1" 200 1107648
2023-11-09 14:24:46,512 INFO     ___FILE_ONLY___ For the latest full release notes, please visit:
  https://cloud.google.com/sdk/release_notes


2023-11-09 14:24:46,514 INFO     ___FILE_ONLY___ ╔════════════════════════════════════════════════════════════╗

2023-11-09 14:24:46,514 INFO     ___FILE_ONLY___ ╠═ Creating update staging area                             ═╣

2023-11-09 14:24:46,515 INFO     ___FILE_ONLY___ ╚
2023-11-09 14:24:46,515 INFO     ___FILE_ONLY___ ══════
2023-11-09 14:24:47,289 INFO     ___FILE_ONLY___ ══════
2023-11-09 14:24:47,289 INFO     ___FILE_ONLY___ ══════
2023-11-09 14:24:47,797 INFO     ___FILE_ONLY___ ═
2023-11-09 14:24:47,861 INFO     ___FILE_ONLY___ ═
2023-11-09 14:24:47,915 INFO     ___FILE_ONLY___ ═
2023-11-09 14:24:47,980 INFO     ___FILE_ONLY___ ═
2023-11-09 14:24:48,074 INFO     ___FILE_ONLY___ ═
2023-11-09 14:24:48,155 INFO     ___FILE_ONLY___ ═
2023-11-09 14:24:48,240 INFO     ___FILE_ONLY___ ═
2023-11-09 14:24:48,308 INFO     ___FILE_ONLY___ ═
2023-11-09 14:24:48,381 INFO     ___FILE_ONLY___ ═
2023-11-09 14:24:48,429 INFO     ___FILE_ONLY___ ═
2023-11-09 14:24:48,502 INFO     ___FILE_ONLY___ ═
2023-11-09 14:24:48,574 INFO     ___FILE_ONLY___ ═
2023-11-09 14:24:48,644 INFO     ___FILE_ONLY___ ═
2023-11-09 14:24:48,707 INFO     ___FILE_ONLY___ ═
2023-11-09 14:24:48,779 INFO     ___FILE_ONLY___ ═
2023-11-09 14:24:48,832 INFO     ___FILE_ONLY___ ═
2023-11-09 14:24:48,890 INFO     ___FILE_ONLY___ ═
2023-11-09 14:24:48,951 INFO     ___FILE_ONLY___ ═
2023-11-09 14:24:49,014 INFO     ___FILE_ONLY___ ═
2023-11-09 14:24:49,080 INFO     ___FILE_ONLY___ ═
2023-11-09 14:24:49,157 INFO     ___FILE_ONLY___ ═
2023-11-09 14:24:49,220 INFO     ___FILE_ONLY___ ═
2023-11-09 14:24:49,284 INFO     ___FILE_ONLY___ ═
2023-11-09 14:24:49,463 INFO     ___FILE_ONLY___ ═
2023-11-09 14:24:49,516 INFO     ___FILE_ONLY___ ═
2023-11-09 14:24:49,571 INFO     ___FILE_ONLY___ ═
2023-11-09 14:24:49,640 INFO     ___FILE_ONLY___ ═
2023-11-09 14:24:49,712 INFO     ___FILE_ONLY___ ═
2023-11-09 14:24:49,781 INFO     ___FILE_ONLY___ ═
2023-11-09 14:24:49,853 INFO     ___FILE_ONLY___ ═
2023-11-09 14:24:49,914 INFO     ___FILE_ONLY___ ═
2023-11-09 14:24:49,970 INFO     ___FILE_ONLY___ ═
2023-11-09 14:24:50,025 INFO     ___FILE_ONLY___ ═
2023-11-09 14:24:50,075 INFO     ___FILE_ONLY___ ═
2023-11-09 14:24:50,137 INFO     ___FILE_ONLY___ ═
2023-11-09 14:24:50,215 INFO     ___FILE_ONLY___ ═
2023-11-09 14:24:50,279 INFO     ___FILE_ONLY___ ═
2023-11-09 14:24:50,368 INFO     ___FILE_ONLY___ ═
2023-11-09 14:24:50,557 INFO     ___FILE_ONLY___ ═
2023-11-09 14:24:50,618 INFO     ___FILE_ONLY___ ═
2023-11-09 14:24:50,683 INFO     ___FILE_ONLY___ ═
2023-11-09 14:24:50,770 INFO     ___FILE_ONLY___ ═
2023-11-09 14:24:50,770 INFO     ___FILE_ONLY___ ╝

2023-11-09 14:24:54,236 INFO     ___FILE_ONLY___ ╔════════════════════════════════════════════════════════════╗

2023-11-09 14:24:54,236 INFO     ___FILE_ONLY___ ╠═ Installing: gcloud Alpha Commands                        ═╣

2023-11-09 14:24:54,236 INFO     ___FILE_ONLY___ ╚
2023-11-09 14:24:54,240 DEBUG    urllib3.connectionpool Starting new HTTPS connection (1): dl.google.com:443
2023-11-09 14:24:54,336 DEBUG    urllib3.connectionpool https://dl.google.com:443 "GET /dl/cloudsdk/channels/rapid/components/google-cloud-sdk-alpha-20231103141548.tar.gz HTTP/1.1" 200 800
2023-11-09 14:24:54,337 INFO     ___FILE_ONLY___ ══════════════════════════════
2023-11-09 14:24:54,339 INFO     ___FILE_ONLY___ ══════════════════════════════
2023-11-09 14:24:54,339 INFO     ___FILE_ONLY___ ╝

2023-11-09 14:24:54,348 INFO     ___FILE_ONLY___ ╔════════════════════════════════════════════════════════════╗

2023-11-09 14:24:54,348 INFO     ___FILE_ONLY___ ╠═ Installing: gcloud Beta Commands                         ═╣

2023-11-09 14:24:54,348 INFO     ___FILE_ONLY___ ╚
2023-11-09 14:24:54,352 DEBUG    urllib3.connectionpool Starting new HTTPS connection (1): dl.google.com:443
2023-11-09 14:24:54,447 DEBUG    urllib3.connectionpool https://dl.google.com:443 "GET /dl/cloudsdk/channels/rapid/components/google-cloud-sdk-beta-20231103141548.tar.gz HTTP/1.1" 200 797
2023-11-09 14:24:54,448 INFO     ___FILE_ONLY___ ══════════════════════════════
2023-11-09 14:24:54,449 INFO     ___FILE_ONLY___ ══════════════════════════════
2023-11-09 14:24:54,449 INFO     ___FILE_ONLY___ ╝

2023-11-09 14:24:54,458 INFO     ___FILE_ONLY___ ╔════════════════════════════════════════════════════════════╗

2023-11-09 14:24:54,459 INFO     ___FILE_ONLY___ ╠═ Creating backup and activating new installation          ═╣

2023-11-09 14:24:54,459 INFO     ___FILE_ONLY___ ╚
2023-11-09 14:24:54,459 DEBUG    root            Attempting to move directory [/tools/google-cloud-sdk] to [/tools/google-cloud-sdk.staging/.install/.backup]
2023-11-09 14:24:54,459 INFO     ___FILE_ONLY___ ══════════════════════════════
2023-11-09 14:24:54,459 DEBUG    root            Attempting to move directory [/tools/google-cloud-sdk.staging] to [/tools/google-cloud-sdk]
2023-11-09 14:24:54,459 INFO     ___FILE_ONLY___ ══════════════════════════════
2023-11-09 14:24:54,459 INFO     ___FILE_ONLY___ ╝

2023-11-09 14:24:54,464 DEBUG    root            Updating notification cache...
2023-11-09 14:24:54,465 INFO     ___FILE_ONLY___ 

2023-11-09 14:24:54,467 INFO     ___FILE_ONLY___ Performing post processing steps...
2023-11-09 14:24:54,467 DEBUG    root            Executing command: ['python3', '-S', '/tools/google-cloud-sdk/lib/gcloud.py', 'components', 'post-process']
2023-11-09 14:25:04,450 DEBUG    ___FILE_ONLY___ 
2023-11-09 14:25:04,451 DEBUG    ___FILE_ONLY___ 
2023-11-09 14:25:04,482 INFO     ___FILE_ONLY___ 
Update done!


2023-11-09 14:25:04,486 DEBUG    root            Chosen display Format:none
2023-11-09 14:25:04,486 INFO     root            Display format: "none"
