2023-11-09 14:24:08,974 DEBUG    root            Loaded Command Group: ['gcloud', 'components']
2023-11-09 14:24:08,979 DEBUG    root            Loaded Command Group: ['gcloud', 'components', 'update']
2023-11-09 14:24:08,982 DEBUG    root            Running [gcloud.components.update] with arguments: [--allow-no-backup: "True", --compile-python: "True", --quiet: "True", COMPONENT-IDS:7: "['core', 'gcloud-deps', 'bq', 'gcloud', 'gcloud-crc32c', 'gsutil', 'anthoscli']"]
2023-11-09 14:24:08,983 INFO     ___FILE_ONLY___ Beginning update. This process may take several minutes.

2023-11-09 14:24:21,029 DEBUG    urllib3.connectionpool Starting new HTTPS connection (1): dl.google.com:443
2023-11-09 14:24:21,125 DEBUG    urllib3.connectionpool https://dl.google.com:443 "GET /dl/cloudsdk/channels/rapid/components-2.json HTTP/1.1" 200 209938
2023-11-09 14:24:21,146 INFO     ___FILE_ONLY___ 

2023-11-09 14:24:21,147 INFO     ___FILE_ONLY___ 
Your current Google Cloud CLI version is: 454.0.0

2023-11-09 14:24:21,147 INFO     ___FILE_ONLY___ Installing components from version: 454.0.0

2023-11-09 14:24:21,147 INFO     ___FILE_ONLY___ 

2023-11-09 14:24:21,147 DEBUG    root            Chosen display Format:table[box,title="These components will be removed."](details.display_name:label=Name:align=left,version.version_string:label=Version:align=right,data.size.size(zero="",min=1048576):label=Size:align=right)
2023-11-09 14:24:21,148 DEBUG    root            Chosen display Format:table[box,title="These components will be updated."](details.display_name:label=Name:align=left,version.version_string:label=Version:align=right,data.size.size(zero="",min=1048576):label=Size:align=right)
2023-11-09 14:24:21,149 DEBUG    root            Chosen display Format:table[box,title="These components will be installed."](details.display_name:label=Name:align=left,version.version_string:label=Version:align=right,data.size.size(zero="",min=1048576):label=Size:align=right)
2023-11-09 14:24:21,157 INFO     ___FILE_ONLY___ ┌─────────────────────────────────────────────────────────────────────────────┐
2023-11-09 14:24:21,157 INFO     ___FILE_ONLY___ 

2023-11-09 14:24:21,158 INFO     ___FILE_ONLY___ │                     These components will be installed.                     │
2023-11-09 14:24:21,158 INFO     ___FILE_ONLY___ 

2023-11-09 14:24:21,158 INFO     ___FILE_ONLY___ ├─────────────────────────────────────────────────────┬────────────┬──────────┤
2023-11-09 14:24:21,158 INFO     ___FILE_ONLY___ 

2023-11-09 14:24:21,158 INFO     ___FILE_ONLY___ │                         Name                        │  Version   │   Size   │
2023-11-09 14:24:21,158 INFO     ___FILE_ONLY___ 

2023-11-09 14:24:21,158 INFO     ___FILE_ONLY___ ├─────────────────────────────────────────────────────┼────────────┼──────────┤
2023-11-09 14:24:21,158 INFO     ___FILE_ONLY___ 

2023-11-09 14:24:21,158 INFO     ___FILE_ONLY___ │ 
2023-11-09 14:24:21,158 INFO     ___FILE_ONLY___ BigQuery Command Line Tool                         
2023-11-09 14:24:21,158 INFO     ___FILE_ONLY___  
2023-11-09 14:24:21,158 INFO     ___FILE_ONLY___ │ 
2023-11-09 14:24:21,158 INFO     ___FILE_ONLY___     2.0.98
2023-11-09 14:24:21,159 INFO     ___FILE_ONLY___  
2023-11-09 14:24:21,159 INFO     ___FILE_ONLY___ │ 
2023-11-09 14:24:21,159 INFO     ___FILE_ONLY___  1.6 MiB
2023-11-09 14:24:21,159 INFO     ___FILE_ONLY___  
2023-11-09 14:24:21,159 INFO     ___FILE_ONLY___ │
2023-11-09 14:24:21,159 INFO     ___FILE_ONLY___ 

2023-11-09 14:24:21,159 INFO     ___FILE_ONLY___ │ 
2023-11-09 14:24:21,159 INFO     ___FILE_ONLY___ BigQuery Command Line Tool (Platform Specific)     
2023-11-09 14:24:21,159 INFO     ___FILE_ONLY___  
2023-11-09 14:24:21,159 INFO     ___FILE_ONLY___ │ 
2023-11-09 14:24:21,159 INFO     ___FILE_ONLY___     2.0.98
2023-11-09 14:24:21,159 INFO     ___FILE_ONLY___  
2023-11-09 14:24:21,159 INFO     ___FILE_ONLY___ │ 
2023-11-09 14:24:21,159 INFO     ___FILE_ONLY___  < 1 MiB
2023-11-09 14:24:21,160 INFO     ___FILE_ONLY___  
2023-11-09 14:24:21,160 INFO     ___FILE_ONLY___ │
2023-11-09 14:24:21,160 INFO     ___FILE_ONLY___ 

2023-11-09 14:24:21,160 INFO     ___FILE_ONLY___ │ 
2023-11-09 14:24:21,160 INFO     ___FILE_ONLY___ Bundled Python 3.9                                 
2023-11-09 14:24:21,160 INFO     ___FILE_ONLY___  
2023-11-09 14:24:21,160 INFO     ___FILE_ONLY___ │ 
2023-11-09 14:24:21,160 INFO     ___FILE_ONLY___     3.9.17
2023-11-09 14:24:21,160 INFO     ___FILE_ONLY___  
2023-11-09 14:24:21,160 INFO     ___FILE_ONLY___ │ 
2023-11-09 14:24:21,160 INFO     ___FILE_ONLY___ 62.4 MiB
2023-11-09 14:24:21,160 INFO     ___FILE_ONLY___  
2023-11-09 14:24:21,160 INFO     ___FILE_ONLY___ │
2023-11-09 14:24:21,160 INFO     ___FILE_ONLY___ 

2023-11-09 14:24:21,161 INFO     ___FILE_ONLY___ │ 
2023-11-09 14:24:21,161 INFO     ___FILE_ONLY___ Cloud Storage Command Line Tool                    
2023-11-09 14:24:21,161 INFO     ___FILE_ONLY___  
2023-11-09 14:24:21,161 INFO     ___FILE_ONLY___ │ 
2023-11-09 14:24:21,161 INFO     ___FILE_ONLY___       5.27
2023-11-09 14:24:21,161 INFO     ___FILE_ONLY___  
2023-11-09 14:24:21,161 INFO     ___FILE_ONLY___ │ 
2023-11-09 14:24:21,161 INFO     ___FILE_ONLY___ 11.3 MiB
2023-11-09 14:24:21,161 INFO     ___FILE_ONLY___  
2023-11-09 14:24:21,161 INFO     ___FILE_ONLY___ │
2023-11-09 14:24:21,161 INFO     ___FILE_ONLY___ 

2023-11-09 14:24:21,161 INFO     ___FILE_ONLY___ │ 
2023-11-09 14:24:21,161 INFO     ___FILE_ONLY___ Cloud Storage Command Line Tool (Platform Specific)
2023-11-09 14:24:21,162 INFO     ___FILE_ONLY___  
2023-11-09 14:24:21,162 INFO     ___FILE_ONLY___ │ 
2023-11-09 14:24:21,162 INFO     ___FILE_ONLY___       5.27
2023-11-09 14:24:21,162 INFO     ___FILE_ONLY___  
2023-11-09 14:24:21,162 INFO     ___FILE_ONLY___ │ 
2023-11-09 14:24:21,162 INFO     ___FILE_ONLY___  < 1 MiB
2023-11-09 14:24:21,162 INFO     ___FILE_ONLY___  
2023-11-09 14:24:21,162 INFO     ___FILE_ONLY___ │
2023-11-09 14:24:21,162 INFO     ___FILE_ONLY___ 

2023-11-09 14:24:21,162 INFO     ___FILE_ONLY___ │ 
2023-11-09 14:24:21,162 INFO     ___FILE_ONLY___ Google Cloud CLI Core Libraries (Platform Specific)
2023-11-09 14:24:21,162 INFO     ___FILE_ONLY___  
2023-11-09 14:24:21,162 INFO     ___FILE_ONLY___ │ 
2023-11-09 14:24:21,162 INFO     ___FILE_ONLY___ 2023.10.25
2023-11-09 14:24:21,163 INFO     ___FILE_ONLY___  
2023-11-09 14:24:21,163 INFO     ___FILE_ONLY___ │ 
2023-11-09 14:24:21,163 INFO     ___FILE_ONLY___  < 1 MiB
2023-11-09 14:24:21,163 INFO     ___FILE_ONLY___  
2023-11-09 14:24:21,163 INFO     ___FILE_ONLY___ │
2023-11-09 14:24:21,163 INFO     ___FILE_ONLY___ 

2023-11-09 14:24:21,163 INFO     ___FILE_ONLY___ │ 
2023-11-09 14:24:21,163 INFO     ___FILE_ONLY___ Google Cloud CRC32C Hash Tool                      
2023-11-09 14:24:21,163 INFO     ___FILE_ONLY___  
2023-11-09 14:24:21,163 INFO     ___FILE_ONLY___ │ 
2023-11-09 14:24:21,163 INFO     ___FILE_ONLY___      1.0.0
2023-11-09 14:24:21,163 INFO     ___FILE_ONLY___  
2023-11-09 14:24:21,163 INFO     ___FILE_ONLY___ │ 
2023-11-09 14:24:21,163 INFO     ___FILE_ONLY___  1.2 MiB
2023-11-09 14:24:21,164 INFO     ___FILE_ONLY___  
2023-11-09 14:24:21,164 INFO     ___FILE_ONLY___ │
2023-11-09 14:24:21,164 INFO     ___FILE_ONLY___ 

2023-11-09 14:24:21,164 INFO     ___FILE_ONLY___ │ 
2023-11-09 14:24:21,164 INFO     ___FILE_ONLY___ anthoscli                                          
2023-11-09 14:24:21,164 INFO     ___FILE_ONLY___  
2023-11-09 14:24:21,164 INFO     ___FILE_ONLY___ │ 
2023-11-09 14:24:21,164 INFO     ___FILE_ONLY___     0.2.44
2023-11-09 14:24:21,164 INFO     ___FILE_ONLY___  
2023-11-09 14:24:21,164 INFO     ___FILE_ONLY___ │ 
2023-11-09 14:24:21,164 INFO     ___FILE_ONLY___ 68.6 MiB
2023-11-09 14:24:21,164 INFO     ___FILE_ONLY___  
2023-11-09 14:24:21,164 INFO     ___FILE_ONLY___ │
2023-11-09 14:24:21,164 INFO     ___FILE_ONLY___ 

2023-11-09 14:24:21,165 INFO     ___FILE_ONLY___ │ 
2023-11-09 14:24:21,165 INFO     ___FILE_ONLY___ gcloud cli dependencies                            
2023-11-09 14:24:21,165 INFO     ___FILE_ONLY___  
2023-11-09 14:24:21,165 INFO     ___FILE_ONLY___ │ 
2023-11-09 14:24:21,165 INFO     ___FILE_ONLY___ 2021.04.16
2023-11-09 14:24:21,165 INFO     ___FILE_ONLY___  
2023-11-09 14:24:21,165 INFO     ___FILE_ONLY___ │ 
2023-11-09 14:24:21,165 INFO     ___FILE_ONLY___  < 1 MiB
2023-11-09 14:24:21,165 INFO     ___FILE_ONLY___  
2023-11-09 14:24:21,165 INFO     ___FILE_ONLY___ │
2023-11-09 14:24:21,165 INFO     ___FILE_ONLY___ 

2023-11-09 14:24:21,165 INFO     ___FILE_ONLY___ └─────────────────────────────────────────────────────┴────────────┴──────────┘
2023-11-09 14:24:21,165 INFO     ___FILE_ONLY___ 

2023-11-09 14:24:21,165 INFO     ___FILE_ONLY___ 

2023-11-09 14:24:21,169 DEBUG    urllib3.connectionpool Starting new HTTPS connection (1): dl.google.com:443
2023-11-09 14:24:21,272 DEBUG    urllib3.connectionpool https://dl.google.com:443 "GET /dl/cloudsdk/channels/rapid/RELEASE_NOTES HTTP/1.1" 200 1107648
2023-11-09 14:24:21,387 INFO     ___FILE_ONLY___ For the latest full release notes, please visit:
  https://cloud.google.com/sdk/release_notes


2023-11-09 14:24:21,389 INFO     ___FILE_ONLY___ ╔════════════════════════════════════════════════════════════╗

2023-11-09 14:24:21,389 INFO     ___FILE_ONLY___ ╠═ Creating update staging area                             ═╣

2023-11-09 14:24:21,389 INFO     ___FILE_ONLY___ ╚
2023-11-09 14:24:21,390 INFO     ___FILE_ONLY___ ══════
2023-11-09 14:24:21,390 INFO     ___FILE_ONLY___ ══════
2023-11-09 14:24:21,390 INFO     ___FILE_ONLY___ ══════
2023-11-09 14:24:21,633 INFO     ___FILE_ONLY___ ═
2023-11-09 14:24:21,692 INFO     ___FILE_ONLY___ ═
2023-11-09 14:24:21,761 INFO     ___FILE_ONLY___ ═
2023-11-09 14:24:21,839 INFO     ___FILE_ONLY___ ═
2023-11-09 14:24:21,898 INFO     ___FILE_ONLY___ ═
2023-11-09 14:24:21,961 INFO     ___FILE_ONLY___ ═
2023-11-09 14:24:22,022 INFO     ___FILE_ONLY___ ═
2023-11-09 14:24:22,083 INFO     ___FILE_ONLY___ ═
2023-11-09 14:24:22,142 INFO     ___FILE_ONLY___ ═
2023-11-09 14:24:22,204 INFO     ___FILE_ONLY___ ═
2023-11-09 14:24:22,256 INFO     ___FILE_ONLY___ ═
2023-11-09 14:24:22,310 INFO     ___FILE_ONLY___ ═
2023-11-09 14:24:22,376 INFO     ___FILE_ONLY___ ═
2023-11-09 14:24:22,435 INFO     ___FILE_ONLY___ ═
2023-11-09 14:24:22,493 INFO     ___FILE_ONLY___ ═
2023-11-09 14:24:22,544 INFO     ___FILE_ONLY___ ═
2023-11-09 14:24:22,602 INFO     ___FILE_ONLY___ ═
2023-11-09 14:24:22,655 INFO     ___FILE_ONLY___ ═
2023-11-09 14:24:22,713 INFO     ___FILE_ONLY___ ═
2023-11-09 14:24:22,759 INFO     ___FILE_ONLY___ ═
2023-11-09 14:24:22,801 INFO     ___FILE_ONLY___ ═
2023-11-09 14:24:22,854 INFO     ___FILE_ONLY___ ═
2023-11-09 14:24:22,914 INFO     ___FILE_ONLY___ ═
2023-11-09 14:24:22,977 INFO     ___FILE_ONLY___ ═
2023-11-09 14:24:23,145 INFO     ___FILE_ONLY___ ═
2023-11-09 14:24:23,195 INFO     ___FILE_ONLY___ ═
2023-11-09 14:24:23,259 INFO     ___FILE_ONLY___ ═
2023-11-09 14:24:23,312 INFO     ___FILE_ONLY___ ═
2023-11-09 14:24:23,361 INFO     ___FILE_ONLY___ ═
2023-11-09 14:24:23,412 INFO     ___FILE_ONLY___ ═
2023-11-09 14:24:23,459 INFO     ___FILE_ONLY___ ═
2023-11-09 14:24:23,507 INFO     ___FILE_ONLY___ ═
2023-11-09 14:24:23,608 INFO     ___FILE_ONLY___ ═
2023-11-09 14:24:23,845 INFO     ___FILE_ONLY___ ═
2023-11-09 14:24:23,941 INFO     ___FILE_ONLY___ ═
2023-11-09 14:24:24,018 INFO     ___FILE_ONLY___ ═
2023-11-09 14:24:24,075 INFO     ___FILE_ONLY___ ═
2023-11-09 14:24:24,109 INFO     ___FILE_ONLY___ ═
2023-11-09 14:24:24,140 INFO     ___FILE_ONLY___ ═
2023-11-09 14:24:24,169 INFO     ___FILE_ONLY___ ═
2023-11-09 14:24:24,201 INFO     ___FILE_ONLY___ ═
2023-11-09 14:24:24,232 INFO     ___FILE_ONLY___ ═
2023-11-09 14:24:24,232 INFO     ___FILE_ONLY___ ╝

2023-11-09 14:24:24,422 INFO     ___FILE_ONLY___ ╔════════════════════════════════════════════════════════════╗

2023-11-09 14:24:24,422 INFO     ___FILE_ONLY___ ╠═ Installing: BigQuery Command Line Tool                   ═╣

2023-11-09 14:24:24,422 INFO     ___FILE_ONLY___ ╚
2023-11-09 14:24:24,426 DEBUG    urllib3.connectionpool Starting new HTTPS connection (1): dl.google.com:443
2023-11-09 14:24:24,526 DEBUG    urllib3.connectionpool https://dl.google.com:443 "GET /dl/cloudsdk/channels/rapid/components/google-cloud-sdk-bq-20230913232318.tar.gz HTTP/1.1" 200 1659622
2023-11-09 14:24:24,592 INFO     ___FILE_ONLY___ ═
2023-11-09 14:24:24,592 INFO     ___FILE_ONLY___ ═
2023-11-09 14:24:24,592 INFO     ___FILE_ONLY___ ═
2023-11-09 14:24:24,593 INFO     ___FILE_ONLY___ ═
2023-11-09 14:24:24,593 INFO     ___FILE_ONLY___ ═
2023-11-09 14:24:24,593 INFO     ___FILE_ONLY___ ═
2023-11-09 14:24:24,593 INFO     ___FILE_ONLY___ ═
2023-11-09 14:24:24,593 INFO     ___FILE_ONLY___ ═
2023-11-09 14:24:24,593 INFO     ___FILE_ONLY___ ═
2023-11-09 14:24:24,594 INFO     ___FILE_ONLY___ ═
2023-11-09 14:24:24,594 INFO     ___FILE_ONLY___ ═
2023-11-09 14:24:24,594 INFO     ___FILE_ONLY___ ═
2023-11-09 14:24:24,594 INFO     ___FILE_ONLY___ ═
2023-11-09 14:24:24,594 INFO     ___FILE_ONLY___ ═
2023-11-09 14:24:24,594 INFO     ___FILE_ONLY___ ═
2023-11-09 14:24:24,595 INFO     ___FILE_ONLY___ ═
2023-11-09 14:24:24,595 INFO     ___FILE_ONLY___ ═
2023-11-09 14:24:24,595 INFO     ___FILE_ONLY___ ═
2023-11-09 14:24:24,595 INFO     ___FILE_ONLY___ ═
2023-11-09 14:24:24,595 INFO     ___FILE_ONLY___ ═
2023-11-09 14:24:24,595 INFO     ___FILE_ONLY___ ═
2023-11-09 14:24:24,595 INFO     ___FILE_ONLY___ ═
2023-11-09 14:24:24,596 INFO     ___FILE_ONLY___ ═
2023-11-09 14:24:24,596 INFO     ___FILE_ONLY___ ═
2023-11-09 14:24:24,596 INFO     ___FILE_ONLY___ ═
2023-11-09 14:24:24,596 INFO     ___FILE_ONLY___ ═
2023-11-09 14:24:24,596 INFO     ___FILE_ONLY___ ═
2023-11-09 14:24:24,596 INFO     ___FILE_ONLY___ ═
2023-11-09 14:24:24,596 INFO     ___FILE_ONLY___ ═
2023-11-09 14:24:24,597 INFO     ___FILE_ONLY___ ═
2023-11-09 14:24:24,724 INFO     ___FILE_ONLY___ ═
2023-11-09 14:24:24,729 INFO     ___FILE_ONLY___ ═
2023-11-09 14:24:24,733 INFO     ___FILE_ONLY___ ═
2023-11-09 14:24:24,737 INFO     ___FILE_ONLY___ ═
2023-11-09 14:24:24,741 INFO     ___FILE_ONLY___ ═
2023-11-09 14:24:24,745 INFO     ___FILE_ONLY___ ═
2023-11-09 14:24:24,750 INFO     ___FILE_ONLY___ ═
2023-11-09 14:24:24,754 INFO     ___FILE_ONLY___ ═
2023-11-09 14:24:24,759 INFO     ___FILE_ONLY___ ═
2023-11-09 14:24:24,762 INFO     ___FILE_ONLY___ ═
2023-11-09 14:24:24,766 INFO     ___FILE_ONLY___ ═
2023-11-09 14:24:24,769 INFO     ___FILE_ONLY___ ═
2023-11-09 14:24:24,775 INFO     ___FILE_ONLY___ ═
2023-11-09 14:24:24,779 INFO     ___FILE_ONLY___ ═
2023-11-09 14:24:24,783 INFO     ___FILE_ONLY___ ═
2023-11-09 14:24:24,787 INFO     ___FILE_ONLY___ ═
2023-11-09 14:24:24,791 INFO     ___FILE_ONLY___ ═
2023-11-09 14:24:24,795 INFO     ___FILE_ONLY___ ═
2023-11-09 14:24:24,801 INFO     ___FILE_ONLY___ ═
2023-11-09 14:24:24,805 INFO     ___FILE_ONLY___ ═
2023-11-09 14:24:24,810 INFO     ___FILE_ONLY___ ═
2023-11-09 14:24:24,817 INFO     ___FILE_ONLY___ ═
2023-11-09 14:24:24,823 INFO     ___FILE_ONLY___ ═
2023-11-09 14:24:24,828 INFO     ___FILE_ONLY___ ═
2023-11-09 14:24:24,831 INFO     ___FILE_ONLY___ ═
2023-11-09 14:24:24,835 INFO     ___FILE_ONLY___ ═
2023-11-09 14:24:24,840 INFO     ___FILE_ONLY___ ═
2023-11-09 14:24:24,844 INFO     ___FILE_ONLY___ ═
2023-11-09 14:24:24,848 INFO     ___FILE_ONLY___ ═
2023-11-09 14:24:24,852 INFO     ___FILE_ONLY___ ═
2023-11-09 14:24:24,852 INFO     ___FILE_ONLY___ ╝

2023-11-09 14:24:24,869 INFO     ___FILE_ONLY___ ╔════════════════════════════════════════════════════════════╗

2023-11-09 14:24:24,870 INFO     ___FILE_ONLY___ ╠═ Installing: BigQuery Command Line Tool (Platform Spec... ═╣

2023-11-09 14:24:24,870 INFO     ___FILE_ONLY___ ╚
2023-11-09 14:24:24,874 DEBUG    urllib3.connectionpool Starting new HTTPS connection (1): dl.google.com:443
2023-11-09 14:24:25,027 DEBUG    urllib3.connectionpool https://dl.google.com:443 "GET /dl/cloudsdk/channels/rapid/components/google-cloud-sdk-bq-nix-20231025210228.tar.gz HTTP/1.1" 200 2019
2023-11-09 14:24:25,028 INFO     ___FILE_ONLY___ ══════════════════════════════
2023-11-09 14:24:25,029 INFO     ___FILE_ONLY___ ══════════════════════════════
2023-11-09 14:24:25,029 INFO     ___FILE_ONLY___ ╝

2023-11-09 14:24:25,039 INFO     ___FILE_ONLY___ ╔════════════════════════════════════════════════════════════╗

2023-11-09 14:24:25,039 INFO     ___FILE_ONLY___ ╠═ Installing: Bundled Python 3.9                           ═╣

2023-11-09 14:24:25,039 INFO     ___FILE_ONLY___ ╚
2023-11-09 14:24:25,044 DEBUG    urllib3.connectionpool Starting new HTTPS connection (1): dl.google.com:443
2023-11-09 14:24:25,149 DEBUG    urllib3.connectionpool https://dl.google.com:443 "GET /dl/cloudsdk/channels/rapid/components/google-cloud-sdk-bundled-python3-unix-linux-x86_64-20231023224440.tar.gz HTTP/1.1" 200 65481810
2023-11-09 14:24:25,661 INFO     ___FILE_ONLY___ ═
2023-11-09 14:24:25,664 INFO     ___FILE_ONLY___ ═
2023-11-09 14:24:25,667 INFO     ___FILE_ONLY___ ═
2023-11-09 14:24:25,670 INFO     ___FILE_ONLY___ ═
2023-11-09 14:24:25,673 INFO     ___FILE_ONLY___ ═
2023-11-09 14:24:25,676 INFO     ___FILE_ONLY___ ═
2023-11-09 14:24:25,679 INFO     ___FILE_ONLY___ ═
2023-11-09 14:24:25,681 INFO     ___FILE_ONLY___ ═
2023-11-09 14:24:25,684 INFO     ___FILE_ONLY___ ═
2023-11-09 14:24:25,687 INFO     ___FILE_ONLY___ ═
2023-11-09 14:24:25,690 INFO     ___FILE_ONLY___ ═
2023-11-09 14:24:25,693 INFO     ___FILE_ONLY___ ═
2023-11-09 14:24:25,696 INFO     ___FILE_ONLY___ ═
2023-11-09 14:24:25,699 INFO     ___FILE_ONLY___ ═
2023-11-09 14:24:25,702 INFO     ___FILE_ONLY___ ═
2023-11-09 14:24:25,704 INFO     ___FILE_ONLY___ ═
2023-11-09 14:24:25,707 INFO     ___FILE_ONLY___ ═
2023-11-09 14:24:25,710 INFO     ___FILE_ONLY___ ═
2023-11-09 14:24:25,713 INFO     ___FILE_ONLY___ ═
2023-11-09 14:24:25,716 INFO     ___FILE_ONLY___ ═
2023-11-09 14:24:25,719 INFO     ___FILE_ONLY___ ═
2023-11-09 14:24:25,722 INFO     ___FILE_ONLY___ ═
2023-11-09 14:24:25,725 INFO     ___FILE_ONLY___ ═
2023-11-09 14:24:25,728 INFO     ___FILE_ONLY___ ═
2023-11-09 14:24:25,731 INFO     ___FILE_ONLY___ ═
2023-11-09 14:24:25,734 INFO     ___FILE_ONLY___ ═
2023-11-09 14:24:25,737 INFO     ___FILE_ONLY___ ═
2023-11-09 14:24:25,740 INFO     ___FILE_ONLY___ ═
2023-11-09 14:24:25,743 INFO     ___FILE_ONLY___ ═
2023-11-09 14:24:25,746 INFO     ___FILE_ONLY___ ═
2023-11-09 14:24:27,642 INFO     ___FILE_ONLY___ ═
2023-11-09 14:24:27,657 INFO     ___FILE_ONLY___ ═
2023-11-09 14:24:27,672 INFO     ___FILE_ONLY___ ═
2023-11-09 14:24:27,688 INFO     ___FILE_ONLY___ ═
2023-11-09 14:24:27,706 INFO     ___FILE_ONLY___ ═
2023-11-09 14:24:27,726 INFO     ___FILE_ONLY___ ═
2023-11-09 14:24:27,753 INFO     ___FILE_ONLY___ ═
2023-11-09 14:24:27,776 INFO     ___FILE_ONLY___ ═
2023-11-09 14:24:27,794 INFO     ___FILE_ONLY___ ═
2023-11-09 14:24:27,812 INFO     ___FILE_ONLY___ ═
2023-11-09 14:24:27,944 INFO     ___FILE_ONLY___ ═
2023-11-09 14:24:27,960 INFO     ___FILE_ONLY___ ═
2023-11-09 14:24:28,063 INFO     ___FILE_ONLY___ ═
2023-11-09 14:24:28,079 INFO     ___FILE_ONLY___ ═
2023-11-09 14:24:28,104 INFO     ___FILE_ONLY___ ═
2023-11-09 14:24:28,122 INFO     ___FILE_ONLY___ ═
2023-11-09 14:24:28,141 INFO     ___FILE_ONLY___ ═
2023-11-09 14:24:28,158 INFO     ___FILE_ONLY___ ═
2023-11-09 14:24:28,180 INFO     ___FILE_ONLY___ ═
2023-11-09 14:24:28,201 INFO     ___FILE_ONLY___ ═
2023-11-09 14:24:28,241 INFO     ___FILE_ONLY___ ═
2023-11-09 14:24:28,257 INFO     ___FILE_ONLY___ ═
2023-11-09 14:24:28,273 INFO     ___FILE_ONLY___ ═
2023-11-09 14:24:28,293 INFO     ___FILE_ONLY___ ═
2023-11-09 14:24:28,313 INFO     ___FILE_ONLY___ ═
2023-11-09 14:24:28,335 INFO     ___FILE_ONLY___ ═
2023-11-09 14:24:28,615 INFO     ___FILE_ONLY___ ═
2023-11-09 14:24:29,182 INFO     ___FILE_ONLY___ ═
2023-11-09 14:24:29,196 INFO     ___FILE_ONLY___ ═
2023-11-09 14:24:29,209 INFO     ___FILE_ONLY___ ═
2023-11-09 14:24:29,209 INFO     ___FILE_ONLY___ ╝

2023-11-09 14:24:29,275 INFO     ___FILE_ONLY___ ╔════════════════════════════════════════════════════════════╗

2023-11-09 14:24:29,275 INFO     ___FILE_ONLY___ ╠═ Installing: Bundled Python 3.9                           ═╣

2023-11-09 14:24:29,275 INFO     ___FILE_ONLY___ ╚
2023-11-09 14:24:29,280 INFO     ___FILE_ONLY___ ════════════════════════════════════════════════════════════
2023-11-09 14:24:29,280 INFO     ___FILE_ONLY___ ╝

2023-11-09 14:24:29,282 INFO     ___FILE_ONLY___ ╔════════════════════════════════════════════════════════════╗

2023-11-09 14:24:29,283 INFO     ___FILE_ONLY___ ╠═ Installing: Cloud Storage Command Line Tool              ═╣

2023-11-09 14:24:29,283 INFO     ___FILE_ONLY___ ╚
2023-11-09 14:24:29,287 DEBUG    urllib3.connectionpool Starting new HTTPS connection (1): dl.google.com:443
2023-11-09 14:24:29,448 DEBUG    urllib3.connectionpool https://dl.google.com:443 "GET /dl/cloudsdk/channels/rapid/components/google-cloud-sdk-gsutil-20231025210228.tar.gz HTTP/1.1" 200 11833901
2023-11-09 14:24:29,572 INFO     ___FILE_ONLY___ ═
2023-11-09 14:24:29,573 INFO     ___FILE_ONLY___ ═
2023-11-09 14:24:29,574 INFO     ___FILE_ONLY___ ═
2023-11-09 14:24:29,574 INFO     ___FILE_ONLY___ ═
2023-11-09 14:24:29,575 INFO     ___FILE_ONLY___ ═
2023-11-09 14:24:29,576 INFO     ___FILE_ONLY___ ═
2023-11-09 14:24:29,576 INFO     ___FILE_ONLY___ ═
2023-11-09 14:24:29,577 INFO     ___FILE_ONLY___ ═
2023-11-09 14:24:29,578 INFO     ___FILE_ONLY___ ═
2023-11-09 14:24:29,578 INFO     ___FILE_ONLY___ ═
2023-11-09 14:24:29,579 INFO     ___FILE_ONLY___ ═
2023-11-09 14:24:29,579 INFO     ___FILE_ONLY___ ═
2023-11-09 14:24:29,580 INFO     ___FILE_ONLY___ ═
2023-11-09 14:24:29,581 INFO     ___FILE_ONLY___ ═
2023-11-09 14:24:29,581 INFO     ___FILE_ONLY___ ═
2023-11-09 14:24:29,582 INFO     ___FILE_ONLY___ ═
2023-11-09 14:24:29,582 INFO     ___FILE_ONLY___ ═
2023-11-09 14:24:29,583 INFO     ___FILE_ONLY___ ═
2023-11-09 14:24:29,584 INFO     ___FILE_ONLY___ ═
2023-11-09 14:24:29,584 INFO     ___FILE_ONLY___ ═
2023-11-09 14:24:29,585 INFO     ___FILE_ONLY___ ═
2023-11-09 14:24:29,585 INFO     ___FILE_ONLY___ ═
2023-11-09 14:24:29,586 INFO     ___FILE_ONLY___ ═
2023-11-09 14:24:29,587 INFO     ___FILE_ONLY___ ═
2023-11-09 14:24:29,587 INFO     ___FILE_ONLY___ ═
2023-11-09 14:24:29,588 INFO     ___FILE_ONLY___ ═
2023-11-09 14:24:29,588 INFO     ___FILE_ONLY___ ═
2023-11-09 14:24:29,589 INFO     ___FILE_ONLY___ ═
2023-11-09 14:24:29,590 INFO     ___FILE_ONLY___ ═
2023-11-09 14:24:29,590 INFO     ___FILE_ONLY___ ═
2023-11-09 14:24:30,411 INFO     ___FILE_ONLY___ ═
2023-11-09 14:24:30,449 INFO     ___FILE_ONLY___ ═
2023-11-09 14:24:30,480 INFO     ___FILE_ONLY___ ═
2023-11-09 14:24:30,511 INFO     ___FILE_ONLY___ ═
2023-11-09 14:24:30,539 INFO     ___FILE_ONLY___ ═
2023-11-09 14:24:30,568 INFO     ___FILE_ONLY___ ═
2023-11-09 14:24:30,590 INFO     ___FILE_ONLY___ ═
2023-11-09 14:24:30,610 INFO     ___FILE_ONLY___ ═
2023-11-09 14:24:30,635 INFO     ___FILE_ONLY___ ═
2023-11-09 14:24:30,657 INFO     ___FILE_ONLY___ ═
2023-11-09 14:24:30,681 INFO     ___FILE_ONLY___ ═
2023-11-09 14:24:30,702 INFO     ___FILE_ONLY___ ═
2023-11-09 14:24:30,735 INFO     ___FILE_ONLY___ ═
2023-11-09 14:24:30,759 INFO     ___FILE_ONLY___ ═
2023-11-09 14:24:30,793 INFO     ___FILE_ONLY___ ═
2023-11-09 14:24:30,823 INFO     ___FILE_ONLY___ ═
2023-11-09 14:24:30,856 INFO     ___FILE_ONLY___ ═
2023-11-09 14:24:30,888 INFO     ___FILE_ONLY___ ═
2023-11-09 14:24:30,911 INFO     ___FILE_ONLY___ ═
2023-11-09 14:24:30,936 INFO     ___FILE_ONLY___ ═
2023-11-09 14:24:30,960 INFO     ___FILE_ONLY___ ═
2023-11-09 14:24:30,984 INFO     ___FILE_ONLY___ ═
2023-11-09 14:24:31,008 INFO     ___FILE_ONLY___ ═
2023-11-09 14:24:31,034 INFO     ___FILE_ONLY___ ═
2023-11-09 14:24:31,056 INFO     ___FILE_ONLY___ ═
2023-11-09 14:24:31,109 INFO     ___FILE_ONLY___ ═
2023-11-09 14:24:31,138 INFO     ___FILE_ONLY___ ═
2023-11-09 14:24:31,166 INFO     ___FILE_ONLY___ ═
2023-11-09 14:24:31,197 INFO     ___FILE_ONLY___ ═
2023-11-09 14:24:31,220 INFO     ___FILE_ONLY___ ═
2023-11-09 14:24:31,220 INFO     ___FILE_ONLY___ ╝

2023-11-09 14:24:31,300 INFO     ___FILE_ONLY___ ╔════════════════════════════════════════════════════════════╗

2023-11-09 14:24:31,301 INFO     ___FILE_ONLY___ ╠═ Installing: Cloud Storage Command Line Tool (Platform... ═╣

2023-11-09 14:24:31,301 INFO     ___FILE_ONLY___ ╚
2023-11-09 14:24:31,305 DEBUG    urllib3.connectionpool Starting new HTTPS connection (1): dl.google.com:443
2023-11-09 14:24:31,402 DEBUG    urllib3.connectionpool https://dl.google.com:443 "GET /dl/cloudsdk/channels/rapid/components/google-cloud-sdk-gsutil-nix-20231025210228.tar.gz HTTP/1.1" 200 2035
2023-11-09 14:24:31,403 INFO     ___FILE_ONLY___ ══════════════════════════════
2023-11-09 14:24:31,404 INFO     ___FILE_ONLY___ ══════════════════════════════
2023-11-09 14:24:31,404 INFO     ___FILE_ONLY___ ╝

2023-11-09 14:24:31,414 INFO     ___FILE_ONLY___ ╔════════════════════════════════════════════════════════════╗

2023-11-09 14:24:31,414 INFO     ___FILE_ONLY___ ╠═ Installing: Default set of gcloud commands               ═╣

2023-11-09 14:24:31,414 INFO     ___FILE_ONLY___ ╚
2023-11-09 14:24:31,420 INFO     ___FILE_ONLY___ ════════════════════════════════════════════════════════════
2023-11-09 14:24:31,420 INFO     ___FILE_ONLY___ ╝

2023-11-09 14:24:31,422 INFO     ___FILE_ONLY___ ╔════════════════════════════════════════════════════════════╗

2023-11-09 14:24:31,422 INFO     ___FILE_ONLY___ ╠═ Installing: Google Cloud CLI Core Libraries (Platform... ═╣

2023-11-09 14:24:31,422 INFO     ___FILE_ONLY___ ╚
2023-11-09 14:24:31,426 DEBUG    urllib3.connectionpool Starting new HTTPS connection (1): dl.google.com:443
2023-11-09 14:24:31,583 DEBUG    urllib3.connectionpool https://dl.google.com:443 "GET /dl/cloudsdk/channels/rapid/components/google-cloud-sdk-core-nix-20231025210228.tar.gz HTTP/1.1" 200 2402
2023-11-09 14:24:31,584 INFO     ___FILE_ONLY___ ══════════════════════════════
2023-11-09 14:24:31,586 INFO     ___FILE_ONLY___ ═══════════════
2023-11-09 14:24:31,586 INFO     ___FILE_ONLY___ ═══════════════
2023-11-09 14:24:31,586 INFO     ___FILE_ONLY___ ╝

2023-11-09 14:24:31,596 INFO     ___FILE_ONLY___ ╔════════════════════════════════════════════════════════════╗

2023-11-09 14:24:31,596 INFO     ___FILE_ONLY___ ╠═ Installing: Google Cloud CRC32C Hash Tool                ═╣

2023-11-09 14:24:31,596 INFO     ___FILE_ONLY___ ╚
2023-11-09 14:24:31,600 DEBUG    urllib3.connectionpool Starting new HTTPS connection (1): dl.google.com:443
2023-11-09 14:24:31,760 DEBUG    urllib3.connectionpool https://dl.google.com:443 "GET /dl/cloudsdk/channels/rapid/components/google-cloud-sdk-gcloud-crc32c-linux-x86_64-20231023224440.tar.gz HTTP/1.1" 200 1289207
2023-11-09 14:24:31,820 INFO     ___FILE_ONLY___ ═
2023-11-09 14:24:31,820 INFO     ___FILE_ONLY___ ═
2023-11-09 14:24:31,820 INFO     ___FILE_ONLY___ ═
2023-11-09 14:24:31,821 INFO     ___FILE_ONLY___ ═
2023-11-09 14:24:31,821 INFO     ___FILE_ONLY___ ═
2023-11-09 14:24:31,821 INFO     ___FILE_ONLY___ ═
2023-11-09 14:24:31,821 INFO     ___FILE_ONLY___ ═
2023-11-09 14:24:31,821 INFO     ___FILE_ONLY___ ═
2023-11-09 14:24:31,821 INFO     ___FILE_ONLY___ ═
2023-11-09 14:24:31,821 INFO     ___FILE_ONLY___ ═
2023-11-09 14:24:31,822 INFO     ___FILE_ONLY___ ═
2023-11-09 14:24:31,822 INFO     ___FILE_ONLY___ ═
2023-11-09 14:24:31,822 INFO     ___FILE_ONLY___ ═
2023-11-09 14:24:31,822 INFO     ___FILE_ONLY___ ═
2023-11-09 14:24:31,822 INFO     ___FILE_ONLY___ ═
2023-11-09 14:24:31,822 INFO     ___FILE_ONLY___ ═
2023-11-09 14:24:31,822 INFO     ___FILE_ONLY___ ═
2023-11-09 14:24:31,823 INFO     ___FILE_ONLY___ ═
2023-11-09 14:24:31,823 INFO     ___FILE_ONLY___ ═
2023-11-09 14:24:31,823 INFO     ___FILE_ONLY___ ═
2023-11-09 14:24:31,823 INFO     ___FILE_ONLY___ ═
2023-11-09 14:24:31,823 INFO     ___FILE_ONLY___ ═
2023-11-09 14:24:31,823 INFO     ___FILE_ONLY___ ═
2023-11-09 14:24:31,823 INFO     ___FILE_ONLY___ ═
2023-11-09 14:24:31,824 INFO     ___FILE_ONLY___ ═
2023-11-09 14:24:31,824 INFO     ___FILE_ONLY___ ═
2023-11-09 14:24:31,824 INFO     ___FILE_ONLY___ ═
2023-11-09 14:24:31,824 INFO     ___FILE_ONLY___ ═
2023-11-09 14:24:31,824 INFO     ___FILE_ONLY___ ═
2023-11-09 14:24:31,824 INFO     ___FILE_ONLY___ ═
2023-11-09 14:24:31,859 INFO     ___FILE_ONLY___ ═══════════════
2023-11-09 14:24:31,860 INFO     ___FILE_ONLY___ ═══════════════
2023-11-09 14:24:31,860 INFO     ___FILE_ONLY___ ╝

2023-11-09 14:24:31,870 INFO     ___FILE_ONLY___ ╔════════════════════════════════════════════════════════════╗

2023-11-09 14:24:31,870 INFO     ___FILE_ONLY___ ╠═ Installing: Google Cloud CRC32C Hash Tool                ═╣

2023-11-09 14:24:31,870 INFO     ___FILE_ONLY___ ╚
2023-11-09 14:24:31,876 INFO     ___FILE_ONLY___ ════════════════════════════════════════════════════════════
2023-11-09 14:24:31,876 INFO     ___FILE_ONLY___ ╝

2023-11-09 14:24:31,878 INFO     ___FILE_ONLY___ ╔════════════════════════════════════════════════════════════╗

2023-11-09 14:24:31,878 INFO     ___FILE_ONLY___ ╠═ Installing: anthoscli                                    ═╣

2023-11-09 14:24:31,879 INFO     ___FILE_ONLY___ ╚
2023-11-09 14:24:31,883 DEBUG    urllib3.connectionpool Starting new HTTPS connection (1): dl.google.com:443
2023-11-09 14:24:32,046 DEBUG    urllib3.connectionpool https://dl.google.com:443 "GET /dl/cloudsdk/channels/rapid/components/google-cloud-sdk-anthoscli-linux-x86_64-20231103141548.tar.gz HTTP/1.1" 200 71983894
2023-11-09 14:24:32,575 INFO     ___FILE_ONLY___ ═
2023-11-09 14:24:32,578 INFO     ___FILE_ONLY___ ═
2023-11-09 14:24:32,581 INFO     ___FILE_ONLY___ ═
2023-11-09 14:24:32,584 INFO     ___FILE_ONLY___ ═
2023-11-09 14:24:32,588 INFO     ___FILE_ONLY___ ═
2023-11-09 14:24:32,591 INFO     ___FILE_ONLY___ ═
2023-11-09 14:24:32,594 INFO     ___FILE_ONLY___ ═
2023-11-09 14:24:32,597 INFO     ___FILE_ONLY___ ═
2023-11-09 14:24:32,600 INFO     ___FILE_ONLY___ ═
2023-11-09 14:24:32,604 INFO     ___FILE_ONLY___ ═
2023-11-09 14:24:32,607 INFO     ___FILE_ONLY___ ═
2023-11-09 14:24:32,610 INFO     ___FILE_ONLY___ ═
2023-11-09 14:24:32,613 INFO     ___FILE_ONLY___ ═
2023-11-09 14:24:32,616 INFO     ___FILE_ONLY___ ═
2023-11-09 14:24:32,619 INFO     ___FILE_ONLY___ ═
2023-11-09 14:24:32,623 INFO     ___FILE_ONLY___ ═
2023-11-09 14:24:32,626 INFO     ___FILE_ONLY___ ═
2023-11-09 14:24:32,629 INFO     ___FILE_ONLY___ ═
2023-11-09 14:24:32,632 INFO     ___FILE_ONLY___ ═
2023-11-09 14:24:32,635 INFO     ___FILE_ONLY___ ═
2023-11-09 14:24:32,639 INFO     ___FILE_ONLY___ ═
2023-11-09 14:24:32,642 INFO     ___FILE_ONLY___ ═
2023-11-09 14:24:32,645 INFO     ___FILE_ONLY___ ═
2023-11-09 14:24:32,649 INFO     ___FILE_ONLY___ ═
2023-11-09 14:24:32,652 INFO     ___FILE_ONLY___ ═
2023-11-09 14:24:32,655 INFO     ___FILE_ONLY___ ═
2023-11-09 14:24:32,659 INFO     ___FILE_ONLY___ ═
2023-11-09 14:24:32,662 INFO     ___FILE_ONLY___ ═
2023-11-09 14:24:32,665 INFO     ___FILE_ONLY___ ═
2023-11-09 14:24:32,668 INFO     ___FILE_ONLY___ ═
2023-11-09 14:24:34,999 INFO     ___FILE_ONLY___ ══════════
2023-11-09 14:24:35,004 INFO     ___FILE_ONLY___ ═════════
2023-11-09 14:24:35,032 INFO     ___FILE_ONLY___ ═══════════
2023-11-09 14:24:35,032 INFO     ___FILE_ONLY___ ╝

2023-11-09 14:24:35,056 INFO     ___FILE_ONLY___ ╔════════════════════════════════════════════════════════════╗

2023-11-09 14:24:35,056 INFO     ___FILE_ONLY___ ╠═ Installing: anthoscli                                    ═╣

2023-11-09 14:24:35,056 INFO     ___FILE_ONLY___ ╚
2023-11-09 14:24:35,062 INFO     ___FILE_ONLY___ ════════════════════════════════════════════════════════════
2023-11-09 14:24:35,062 INFO     ___FILE_ONLY___ ╝

2023-11-09 14:24:35,064 INFO     ___FILE_ONLY___ ╔════════════════════════════════════════════════════════════╗

2023-11-09 14:24:35,064 INFO     ___FILE_ONLY___ ╠═ Installing: gcloud cli dependencies                      ═╣

2023-11-09 14:24:35,064 INFO     ___FILE_ONLY___ ╚
2023-11-09 14:24:35,069 DEBUG    urllib3.connectionpool Starting new HTTPS connection (1): dl.google.com:443
2023-11-09 14:24:35,223 DEBUG    urllib3.connectionpool https://dl.google.com:443 "GET /dl/cloudsdk/channels/rapid/components/google-cloud-sdk-gcloud-deps-linux-x86_64-20210416153011.tar.gz HTTP/1.1" 200 104
2023-11-09 14:24:35,224 INFO     ___FILE_ONLY___ ══════════════════════════════
2023-11-09 14:24:35,225 INFO     ___FILE_ONLY___ ══════════════════════════════
2023-11-09 14:24:35,225 INFO     ___FILE_ONLY___ ╝

2023-11-09 14:24:35,234 INFO     ___FILE_ONLY___ ╔════════════════════════════════════════════════════════════╗

2023-11-09 14:24:35,235 INFO     ___FILE_ONLY___ ╠═ Creating backup and activating new installation          ═╣

2023-11-09 14:24:35,235 INFO     ___FILE_ONLY___ ╚
2023-11-09 14:24:35,235 DEBUG    root            Attempting to move directory [/tools/google-cloud-sdk] to [/tools/google-cloud-sdk.staging/.install/.backup]
2023-11-09 14:24:35,235 INFO     ___FILE_ONLY___ ══════════════════════════════
2023-11-09 14:24:35,235 DEBUG    root            Attempting to move directory [/tools/google-cloud-sdk.staging] to [/tools/google-cloud-sdk]
2023-11-09 14:24:35,235 INFO     ___FILE_ONLY___ ══════════════════════════════
2023-11-09 14:24:35,235 INFO     ___FILE_ONLY___ ╝

2023-11-09 14:24:35,240 DEBUG    root            Updating notification cache...
2023-11-09 14:24:35,240 INFO     ___FILE_ONLY___ 

2023-11-09 14:24:35,242 INFO     ___FILE_ONLY___ Performing post processing steps...
2023-11-09 14:24:35,243 DEBUG    root            Executing command: ['python3', '-S', '/tools/google-cloud-sdk/lib/gcloud.py', 'components', 'post-process']
2023-11-09 14:24:45,069 DEBUG    ___FILE_ONLY___ 
2023-11-09 14:24:45,069 DEBUG    ___FILE_ONLY___ 
2023-11-09 14:24:45,257 INFO     ___FILE_ONLY___ 
Update done!


2023-11-09 14:24:45,262 DEBUG    root            Chosen display Format:none
2023-11-09 14:24:45,262 INFO     root            Display format: "none"
